Configuring network-transport-0.4.4.0...
Building network-transport-0.4.4.0...
Preprocessing library network-transport-0.4.4.0...
[1 of 3] Compiling Network.Transport.Internal ( src/Network/Transport/Internal.hs, .stack-work/dist/x86_64-osx/Cabal-1.22.5.0/build/Network/Transport/Internal.o )

src/Network/Transport/Internal.hs:81:25: Warning:
    In the use of ‘BSI.inlinePerformIO’
    (imported from Data.ByteString.Internal):
    Deprecated: "If you think you know what you are doing, use 'unsafePerformIO'. If you are sure you know what you are doing, use 'unsafeDupablePerformIO'. If you enjoy sharing an address space with a malevolent agent of chaos, try 'accursedUnutterablePerformIO'."

src/Network/Transport/Internal.hs:98:25: Warning:
    In the use of ‘BSI.inlinePerformIO’
    (imported from Data.ByteString.Internal):
    Deprecated: "If you think you know what you are doing, use 'unsafePerformIO'. If you are sure you know what you are doing, use 'unsafeDupablePerformIO'. If you enjoy sharing an address space with a malevolent agent of chaos, try 'accursedUnutterablePerformIO'."
[2 of 3] Compiling Network.Transport ( src/Network/Transport.hs, .stack-work/dist/x86_64-osx/Cabal-1.22.5.0/build/Network/Transport.o )

src/Network/Transport.hs:32:1: Warning:
    The import of ‘Control.Applicative’ is redundant
      except perhaps to import instances from ‘Control.Applicative’
    To import instances alone, use: import Control.Applicative()
[3 of 3] Compiling Network.Transport.Util ( src/Network/Transport/Util.hs, .stack-work/dist/x86_64-osx/Cabal-1.22.5.0/build/Network/Transport/Util.o )
In-place registering network-transport-0.4.4.0...
Installing library in
/Users/matt/.stack/snapshots/x86_64-osx/lts-6.27/7.10.3/lib/x86_64-osx-ghc-7.10.3/network-transport-0.4.4.0-6bCeDA9MYREG46JvDrzSZS
Registering network-transport-0.4.4.0...
